1




 **** FLASH CALCULATION ****
 MODEL USED FOR LIQUID PHASE NON-IDEALITY: UNIFAC


 COMPONENTS : "llecalas2"                                                             


 SUB GROUPS :  1  2
 MAIN GROUPS:  1  1
 COMPONENT
       1       2  3
       2       2  5



 GROUP R- AND Q-VALUES

   1    0.9010    0.8480
   2    0.6740    0.5400



  INTERACTION PARAMETERS

        0.000



 UNIFAC MOLECULAR R AND Q

    1         3.8240         3.3160
    2         5.1720         4.3960



 * * * FLASH NUMBER  1 * * *


 TEMPERATURE =  323.0000 K, PRESSURE =  1.000 ATM, FEED =      1.00 MOLES
 FEED COMPOSITION (MOLE PERCENT):
  50.000 50.000

 * SYSTEM IS STABLE *

