1




 **** FLASH CALCULATION ****
 MODEL USED FOR LIQUID PHASE NON-IDEALITY: UNIFAC


 COMPONENTS : "llecalas2"                                                             


 SUB GROUPS :  1  2  3 15 17 23 43
 MAIN GROUPS:  1  1  1  5  7 11 20
 COMPONENT
       1       1  6  0  0  0  0  1
       2       0  2  1  3  0  0  0
       3       1  9  1  2  0  1  0
       4       2 16  1  1  0  2  0
       5       3 23  1  0  0  3  0
       6       0  0  0  0  1  0  0



 GROUP R- AND Q-VALUES

   1    1.3013    0.8480
   2    0.6744    0.5400
   3    0.9011    0.2280
  15    1.0000    1.2000
  17    0.9200    1.4000
  23    1.6760    1.4200
  43    1.3010    1.2240



  INTERACTION PARAMETERS

        0.000     986.500    1318.000     232.100     663.500
      156.400       0.000     353.500     101.100     199.000
      300.000    -229.100       0.000      72.870     -14.090
      114.800     245.400     200.800       0.000     660.200
      315.300    -151.000     -66.170    -256.300       0.000



 UNIFAC MOLECULAR R AND Q

    1         6.6487         5.3120
    2         5.2499         4.9080
    3        11.9480         9.7560
    4        18.6461        14.6040
    5        25.3442        19.4520
    6         0.9200         1.4000



 * * * FLASH NUMBER  1 * * *


 TEMPERATURE =  372.9500 K, PRESSURE =  1.000 ATM, FEED =      0.44 MOLES
 FEED COMPOSITION (MOLE PERCENT):
  50.000 50.000  0.000  0.000  0.000  0.000

 SYSTEM IS UNSTABLE, PHASE SPLIT PERFORMED
 NO VAPOR PHASE


 RESULT OF 2-PHASE CALCULATION:

  PHASE FRACTIONS (PERCENT):       1 43.821            2 56.179

  COMPOSITION                      1                   2
   X( 1)                      0.82956523          0.24292727
  ln(G 1)                      0.08091873          1.30905837
   X( 2)                      0.17043321          0.75707232
  ln(G 2)                      1.61253623          0.12142092
   X( 3)                      0.00000040          0.00000009
  ln(G 3)                     -0.39601177          1.05920691
   X( 4)                      0.00000051          0.00000001
  ln(G 4)                     -0.18725454          4.21429813
   X( 5)                      0.00000052          0.00000000
  ln(G 5)                      1.05849498          8.40638164
   X( 6)                      0.00000013          0.00000031
  ln(G 6)                      1.20889667          0.33644588

 * SYSTEM IS STABLE *

